This is pdfTeX, Version 3.14159265-2.6-1.40.17 (TeX Live 2016/W32TeX) (preloaded format=pdflatex 2017.3.11)  29 MAR 2017 23:23
entering extended mode
 restricted \write18 enabled.
 %&-line parsing enabled.
**./principal.tex
(./principal.tex
LaTeX2e <2017/01/01> patch level 3
Babel <3.9r> and hyphenation patterns for 83 language(s) loaded.
(c:/texlive/2016/texmf-dist/tex/latex/base/book.cls
Document Class: book 2014/09/29 v1.4h Standard LaTeX document class
(c:/texlive/2016/texmf-dist/tex/latex/base/bk10.clo
File: bk10.clo 2014/09/29 v1.4h Standard LaTeX file (size option)
)
\c@part=\count79
\c@chapter=\count80
\c@section=\count81
\c@subsection=\count82
\c@subsubsection=\count83
\c@paragraph=\count84
\c@subparagraph=\count85
\c@figure=\count86
\c@table=\count87
\abovecaptionskip=\skip41
\belowcaptionskip=\skip42
\bibindent=\dimen102
)
(c:/texlive/2016/texmf-dist/tex/latex/base/inputenc.sty
Package: inputenc 2015/03/17 v1.2c Input encoding file
\inpenc@prehook=\toks14
\inpenc@posthook=\toks15

(c:/texlive/2016/texmf-dist/tex/latex/base/utf8.def
File: utf8.def 2017/01/28 v1.1t UTF-8 support for inputenc
Now handling font encoding OML ...
... no UTF-8 mapping file for font encoding OML
Now handling font encoding T1 ...
... processing UTF-8 mapping file for font encoding T1

(c:/texlive/2016/texmf-dist/tex/latex/base/t1enc.dfu
File: t1enc.dfu 2017/01/28 v1.1t UTF-8 support for inputenc
   defining Unicode char U+00A0 (decimal 160)
   defining Unicode char U+00A1 (decimal 161)
   defining Unicode char U+00A3 (decimal 163)
   defining Unicode char U+00AB (decimal 171)
   defining Unicode char U+00AD (decimal 173)
   defining Unicode char U+00BB (decimal 187)
   defining Unicode char U+00BF (decimal 191)
   defining Unicode char U+00C0 (decimal 192)
   defining Unicode char U+00C1 (decimal 193)
   defining Unicode char U+00C2 (decimal 194)
   defining Unicode char U+00C3 (decimal 195)
   defining Unicode char U+00C4 (decimal 196)
   defining Unicode char U+00C5 (decimal 197)
   defining Unicode char U+00C6 (decimal 198)
   defining Unicode char U+00C7 (decimal 199)
   defining Unicode char U+00C8 (decimal 200)
   defining Unicode char U+00C9 (decimal 201)
   defining Unicode char U+00CA (decimal 202)
   defining Unicode char U+00CB (decimal 203)
   defining Unicode char U+00CC (decimal 204)
   defining Unicode char U+00CD (decimal 205)
   defining Unicode char U+00CE (decimal 206)
   defining Unicode char U+00CF (decimal 207)
   defining Unicode char U+00D0 (decimal 208)
   defining Unicode char U+00D1 (decimal 209)
   defining Unicode char U+00D2 (decimal 210)
   defining Unicode char U+00D3 (decimal 211)
   defining Unicode char U+00D4 (decimal 212)
   defining Unicode char U+00D5 (decimal 213)
   defining Unicode char U+00D6 (decimal 214)
   defining Unicode char U+00D8 (decimal 216)
   defining Unicode char U+00D9 (decimal 217)
   defining Unicode char U+00DA (decimal 218)
   defining Unicode char U+00DB (decimal 219)
   defining Unicode char U+00DC (decimal 220)
   defining Unicode char U+00DD (decimal 221)
   defining Unicode char U+00DE (decimal 222)
   defining Unicode char U+00DF (decimal 223)
   defining Unicode char U+00E0 (decimal 224)
   defining Unicode char U+00E1 (decimal 225)
   defining Unicode char U+00E2 (decimal 226)
   defining Unicode char U+00E3 (decimal 227)
   defining Unicode char U+00E4 (decimal 228)
   defining Unicode char U+00E5 (decimal 229)
   defining Unicode char U+00E6 (decimal 230)
   defining Unicode char U+00E7 (decimal 231)
   defining Unicode char U+00E8 (decimal 232)
   defining Unicode char U+00E9 (decimal 233)
   defining Unicode char U+00EA (decimal 234)
   defining Unicode char U+00EB (decimal 235)
   defining Unicode char U+00EC (decimal 236)
   defining Unicode char U+00ED (decimal 237)
   defining Unicode char U+00EE (decimal 238)
   defining Unicode char U+00EF (decimal 239)
   defining Unicode char U+00F0 (decimal 240)
   defining Unicode char U+00F1 (decimal 241)
   defining Unicode char U+00F2 (decimal 242)
   defining Unicode char U+00F3 (decimal 243)
   defining Unicode char U+00F4 (decimal 244)
   defining Unicode char U+00F5 (decimal 245)
   defining Unicode char U+00F6 (decimal 246)
   defining Unicode char U+00F8 (decimal 248)
   defining Unicode char U+00F9 (decimal 249)
   defining Unicode char U+00FA (decimal 250)
   defining Unicode char U+00FB (decimal 251)
   defining Unicode char U+00FC (decimal 252)
   defining Unicode char U+00FD (decimal 253)
   defining Unicode char U+00FE (decimal 254)
   defining Unicode char U+00FF (decimal 255)
   defining Unicode char U+0100 (decimal 256)
   defining Unicode char U+0101 (decimal 257)
   defining Unicode char U+0102 (decimal 258)
   defining Unicode char U+0103 (decimal 259)
   defining Unicode char U+0104 (decimal 260)
   defining Unicode char U+0105 (decimal 261)
   defining Unicode char U+0106 (decimal 262)
   defining Unicode char U+0107 (decimal 263)
   defining Unicode char U+0108 (decimal 264)
   defining Unicode char U+0109 (decimal 265)
   defining Unicode char U+010A (decimal 266)
   defining Unicode char U+010B (decimal 267)
   defining Unicode char U+010C (decimal 268)
   defining Unicode char U+010D (decimal 269)
   defining Unicode char U+010E (decimal 270)
   defining Unicode char U+010F (decimal 271)
   defining Unicode char U+0110 (decimal 272)
   defining Unicode char U+0111 (decimal 273)
   defining Unicode char U+0112 (decimal 274)
   defining Unicode char U+0113 (decimal 275)
   defining Unicode char U+0114 (decimal 276)
   defining Unicode char U+0115 (decimal 277)
   defining Unicode char U+0116 (decimal 278)
   defining Unicode char U+0117 (decimal 279)
   defining Unicode char U+0118 (decimal 280)
   defining Unicode char U+0119 (decimal 281)
   defining Unicode char U+011A (decimal 282)
   defining Unicode char U+011B (decimal 283)
   defining Unicode char U+011C (decimal 284)
   defining Unicode char U+011D (decimal 285)
   defining Unicode char U+011E (decimal 286)
   defining Unicode char U+011F (decimal 287)
   defining Unicode char U+0120 (decimal 288)
   defining Unicode char U+0121 (decimal 289)
   defining Unicode char U+0122 (decimal 290)
   defining Unicode char U+0123 (decimal 291)
   defining Unicode char U+0124 (decimal 292)
   defining Unicode char U+0125 (decimal 293)
   defining Unicode char U+0128 (decimal 296)
   defining Unicode char U+0129 (decimal 297)
   defining Unicode char U+012A (decimal 298)
   defining Unicode char U+012B (decimal 299)
   defining Unicode char U+012C (decimal 300)
   defining Unicode char U+012D (decimal 301)
   defining Unicode char U+012E (decimal 302)
   defining Unicode char U+012F (decimal 303)
   defining Unicode char U+0130 (decimal 304)
   defining Unicode char U+0131 (decimal 305)
   defining Unicode char U+0132 (decimal 306)
   defining Unicode char U+0133 (decimal 307)
   defining Unicode char U+0134 (decimal 308)
   defining Unicode char U+0135 (decimal 309)
   defining Unicode char U+0136 (decimal 310)
   defining Unicode char U+0137 (decimal 311)
   defining Unicode char U+0139 (decimal 313)
   defining Unicode char U+013A (decimal 314)
   defining Unicode char U+013B (decimal 315)
   defining Unicode char U+013C (decimal 316)
   defining Unicode char U+013D (decimal 317)
   defining Unicode char U+013E (decimal 318)
   defining Unicode char U+0141 (decimal 321)
   defining Unicode char U+0142 (decimal 322)
   defining Unicode char U+0143 (decimal 323)
   defining Unicode char U+0144 (decimal 324)
   defining Unicode char U+0145 (decimal 325)
   defining Unicode char U+0146 (decimal 326)
   defining Unicode char U+0147 (decimal 327)
   defining Unicode char U+0148 (decimal 328)
   defining Unicode char U+014A (decimal 330)
   defining Unicode char U+014B (decimal 331)
   defining Unicode char U+014C (decimal 332)
   defining Unicode char U+014D (decimal 333)
   defining Unicode char U+014E (decimal 334)
   defining Unicode char U+014F (decimal 335)
   defining Unicode char U+0150 (decimal 336)
   defining Unicode char U+0151 (decimal 337)
   defining Unicode char U+0152 (decimal 338)
   defining Unicode char U+0153 (decimal 339)
   defining Unicode char U+0154 (decimal 340)
   defining Unicode char U+0155 (decimal 341)
   defining Unicode char U+0156 (decimal 342)
   defining Unicode char U+0157 (decimal 343)
   defining Unicode char U+0158 (decimal 344)
   defining Unicode char U+0159 (decimal 345)
   defining Unicode char U+015A (decimal 346)
   defining Unicode char U+015B (decimal 347)
   defining Unicode char U+015C (decimal 348)
   defining Unicode char U+015D (decimal 349)
   defining Unicode char U+015E (decimal 350)
   defining Unicode char U+015F (decimal 351)
   defining Unicode char U+0160 (decimal 352)
   defining Unicode char U+0161 (decimal 353)
   defining Unicode char U+0162 (decimal 354)
   defining Unicode char U+0163 (decimal 355)
   defining Unicode char U+0164 (decimal 356)
   defining Unicode char U+0165 (decimal 357)
   defining Unicode char U+0168 (decimal 360)
   defining Unicode char U+0169 (decimal 361)
   defining Unicode char U+016A (decimal 362)
   defining Unicode char U+016B (decimal 363)
   defining Unicode char U+016C (decimal 364)
   defining Unicode char U+016D (decimal 365)
   defining Unicode char U+016E (decimal 366)
   defining Unicode char U+016F (decimal 367)
   defining Unicode char U+0170 (decimal 368)
   defining Unicode char U+0171 (decimal 369)
   defining Unicode char U+0172 (decimal 370)
   defining Unicode char U+0173 (decimal 371)
   defining Unicode char U+0174 (decimal 372)
   defining Unicode char U+0175 (decimal 373)
   defining Unicode char U+0176 (decimal 374)
   defining Unicode char U+0177 (decimal 375)
   defining Unicode char U+0178 (decimal 376)
   defining Unicode char U+0179 (decimal 377)
   defining Unicode char U+017A (decimal 378)
   defining Unicode char U+017B (decimal 379)
   defining Unicode char U+017C (decimal 380)
   defining Unicode char U+017D (decimal 381)
   defining Unicode char U+017E (decimal 382)
   defining Unicode char U+01CD (decimal 461)
   defining Unicode char U+01CE (decimal 462)
   defining Unicode char U+01CF (decimal 463)
   defining Unicode char U+01D0 (decimal 464)
   defining Unicode char U+01D1 (decimal 465)
   defining Unicode char U+01D2 (decimal 466)
   defining Unicode char U+01D3 (decimal 467)
   defining Unicode char U+01D4 (decimal 468)
   defining Unicode char U+01E2 (decimal 482)
   defining Unicode char U+01E3 (decimal 483)
   defining Unicode char U+01E6 (decimal 486)
   defining Unicode char U+01E7 (decimal 487)
   defining Unicode char U+01E8 (decimal 488)
   defining Unicode char U+01E9 (decimal 489)
   defining Unicode char U+01EA (decimal 490)
   defining Unicode char U+01EB (decimal 491)
   defining Unicode char U+01F0 (decimal 496)
   defining Unicode char U+01F4 (decimal 500)
   defining Unicode char U+01F5 (decimal 501)
   defining Unicode char U+0218 (decimal 536)
   defining Unicode char U+0219 (decimal 537)
   defining Unicode char U+021A (decimal 538)
   defining Unicode char U+021B (decimal 539)
   defining Unicode char U+0232 (decimal 562)
   defining Unicode char U+0233 (decimal 563)
   defining Unicode char U+1E02 (decimal 7682)
   defining Unicode char U+1E03 (decimal 7683)
   defining Unicode char U+200C (decimal 8204)
   defining Unicode char U+2010 (decimal 8208)
   defining Unicode char U+2011 (decimal 8209)
   defining Unicode char U+2012 (decimal 8210)
   defining Unicode char U+2013 (decimal 8211)
   defining Unicode char U+2014 (decimal 8212)
   defining Unicode char U+2015 (decimal 8213)
   defining Unicode char U+2018 (decimal 8216)
   defining Unicode char U+2019 (decimal 8217)
   defining Unicode char U+201A (decimal 8218)
   defining Unicode char U+201C (decimal 8220)
   defining Unicode char U+201D (decimal 8221)
   defining Unicode char U+201E (decimal 8222)
   defining Unicode char U+2030 (decimal 8240)
   defining Unicode char U+2031 (decimal 8241)
   defining Unicode char U+2039 (decimal 8249)
   defining Unicode char U+203A (decimal 8250)
   defining Unicode char U+2423 (decimal 9251)
   defining Unicode char U+1E20 (decimal 7712)
   defining Unicode char U+1E21 (decimal 7713)
)
Now handling font encoding OT1 ...
... processing UTF-8 mapping file for font encoding OT1

(c:/texlive/2016/texmf-dist/tex/latex/base/ot1enc.dfu
File: ot1enc.dfu 2017/01/28 v1.1t UTF-8 support for inputenc
   defining Unicode char U+00A0 (decimal 160)
   defining Unicode char U+00A1 (decimal 161)
   defining Unicode char U+00A3 (decimal 163)
   defining Unicode char U+00AD (decimal 173)
   defining Unicode char U+00B8 (decimal 184)
   defining Unicode char U+00BF (decimal 191)
   defining Unicode char U+00C5 (decimal 197)
   defining Unicode char U+00C6 (decimal 198)
   defining Unicode char U+00D8 (decimal 216)
   defining Unicode char U+00DF (decimal 223)
   defining Unicode char U+00E6 (decimal 230)
   defining Unicode char U+00EC (decimal 236)
   defining Unicode char U+00ED (decimal 237)
   defining Unicode char U+00EE (decimal 238)
   defining Unicode char U+00EF (decimal 239)
   defining Unicode char U+00F8 (decimal 248)
   defining Unicode char U+0131 (decimal 305)
   defining Unicode char U+0141 (decimal 321)
   defining Unicode char U+0142 (decimal 322)
   defining Unicode char U+0152 (decimal 338)
   defining Unicode char U+0153 (decimal 339)
   defining Unicode char U+0174 (decimal 372)
   defining Unicode char U+0175 (decimal 373)
   defining Unicode char U+0176 (decimal 374)
   defining Unicode char U+0177 (decimal 375)
   defining Unicode char U+0218 (decimal 536)
   defining Unicode char U+0219 (decimal 537)
   defining Unicode char U+021A (decimal 538)
   defining Unicode char U+021B (decimal 539)
   defining Unicode char U+2013 (decimal 8211)
   defining Unicode char U+2014 (decimal 8212)
   defining Unicode char U+2018 (decimal 8216)
   defining Unicode char U+2019 (decimal 8217)
   defining Unicode char U+201C (decimal 8220)
   defining Unicode char U+201D (decimal 8221)
)
Now handling font encoding OMS ...
... processing UTF-8 mapping file for font encoding OMS

(c:/texlive/2016/texmf-dist/tex/latex/base/omsenc.dfu
File: omsenc.dfu 2017/01/28 v1.1t UTF-8 support for inputenc
   defining Unicode char U+00A7 (decimal 167)
   defining Unicode char U+00B6 (decimal 182)
   defining Unicode char U+00B7 (decimal 183)
   defining Unicode char U+2020 (decimal 8224)
   defining Unicode char U+2021 (decimal 8225)
   defining Unicode char U+2022 (decimal 8226)
)
Now handling font encoding OMX ...
... no UTF-8 mapping file for font encoding OMX
Now handling font encoding U ...
... no UTF-8 mapping file for font encoding U
   defining Unicode char U+00A9 (decimal 169)
   defining Unicode char U+00AA (decimal 170)
   defining Unicode char U+00AE (decimal 174)
   defining Unicode char U+00BA (decimal 186)
   defining Unicode char U+02C6 (decimal 710)
   defining Unicode char U+02DC (decimal 732)
   defining Unicode char U+200C (decimal 8204)
   defining Unicode char U+2026 (decimal 8230)
   defining Unicode char U+2122 (decimal 8482)
   defining Unicode char U+2423 (decimal 9251)
))
(c:/texlive/2016/texmf-dist/tex/generic/babel/babel.sty
Package: babel 2016/04/23 3.9r The Babel package

(c:/texlive/2016/texmf-dist/tex/generic/babel-spanish/spanish.ldf
Language: spanish.ldf 2016/03/03 v5.0p Spanish support from the babel system

(c:/texlive/2016/texmf-dist/tex/generic/babel/babel.def
File: babel.def 2016/04/23 3.9r Babel common definitions
\babel@savecnt=\count88
\U@D=\dimen103
)
\es@quottoks=\toks16
\es@quotdepth=\count89
Package babel Info: Making " an active character on input line 561.
))
(c:/texlive/2016/texmf-dist/tex/latex/subfiles/subfiles.sty
Package: subfiles 2012/05/23 Federico Garcia

(c:/texlive/2016/texmf-dist/tex/latex/tools/verbatim.sty
Package: verbatim 2014/10/28 v1.5q LaTeX2e package for verbatim enhancements
\every@verbatim=\toks17
\verbatim@line=\toks18
\verbatim@in@stream=\read1
))
(c:/texlive/2016/texmf-dist/tex/latex/tocbibind/tocbibind.sty
Package: tocbibind 2010/10/13 v1.5k extra ToC listings
Package tocbibind Info: The document has chapter divisions on input line 50.


Package tocbibind Note: Using chapter style headings, unless overridden.

) (c:/texlive/2016/texmf-dist/tex/latex/graphics/graphicx.sty
Package: graphicx 2014/10/28 v1.0g Enhanced LaTeX Graphics (DPC,SPQR)

(c:/texlive/2016/texmf-dist/tex/latex/graphics/keyval.sty
Package: keyval 2014/10/28 v1.15 key=value parser (DPC)
\KV@toks@=\toks19
)
(c:/texlive/2016/texmf-dist/tex/latex/graphics/graphics.sty
Package: graphics 2016/10/09 v1.0u Standard LaTeX Graphics (DPC,SPQR)

(c:/texlive/2016/texmf-dist/tex/latex/graphics/trig.sty
Package: trig 2016/01/03 v1.10 sin cos tan (DPC)
)
(c:/texlive/2016/texmf-dist/tex/latex/graphics-cfg/graphics.cfg
File: graphics.cfg 2016/06/04 v1.11 sample graphics configuration
)
Package graphics Info: Driver file: pdftex.def on input line 99.

(c:/texlive/2016/texmf-dist/tex/latex/graphics-def/pdftex.def
File: pdftex.def 2017/01/12 v0.06k Graphics/color for pdfTeX

(c:/texlive/2016/texmf-dist/tex/generic/oberdiek/infwarerr.sty
Package: infwarerr 2016/05/16 v1.4 Providing info/warning/error messages (HO)
)
(c:/texlive/2016/texmf-dist/tex/generic/oberdiek/ltxcmds.sty
Package: ltxcmds 2016/05/16 v1.23 LaTeX kernel commands for general use (HO)
)
\Gread@gobject=\count90
))
\Gin@req@height=\dimen104
\Gin@req@width=\dimen105
)
(c:/texlive/2016/texmf-dist/tex/latex/capt-of/capt-of.sty
Package: capt-of 2009/12/29 v0.2 standard captions outside of floats
)
(c:/texlive/2016/texmf-dist/tex/latex/amsmath/amsmath.sty
Package: amsmath 2016/11/05 v2.16a AMS math features
\@mathmargin=\skip43

For additional information on amsmath, use the `?' option.
(c:/texlive/2016/texmf-dist/tex/latex/amsmath/amstext.sty
Package: amstext 2000/06/29 v2.01 AMS text

(c:/texlive/2016/texmf-dist/tex/latex/amsmath/amsgen.sty
File: amsgen.sty 1999/11/30 v2.0 generic functions
\@emptytoks=\toks20
\ex@=\dimen106
))
(c:/texlive/2016/texmf-dist/tex/latex/amsmath/amsbsy.sty
Package: amsbsy 1999/11/29 v1.2d Bold Symbols
\pmbraise@=\dimen107
)
(c:/texlive/2016/texmf-dist/tex/latex/amsmath/amsopn.sty
Package: amsopn 2016/03/08 v2.02 operator names
)
\inf@bad=\count91
LaTeX Info: Redefining \frac on input line 213.
\uproot@=\count92
\leftroot@=\count93
LaTeX Info: Redefining \overline on input line 375.
\classnum@=\count94
\DOTSCASE@=\count95
LaTeX Info: Redefining \ldots on input line 472.
LaTeX Info: Redefining \dots on input line 475.
LaTeX Info: Redefining \cdots on input line 596.
\Mathstrutbox@=\box26
\strutbox@=\box27
\big@size=\dimen108
LaTeX Font Info:    Redeclaring font encoding OML on input line 712.
LaTeX Font Info:    Redeclaring font encoding OMS on input line 713.
\macc@depth=\count96
\c@MaxMatrixCols=\count97
\dotsspace@=\muskip10
\c@parentequation=\count98
\dspbrk@lvl=\count99
\tag@help=\toks21
\row@=\count100
\column@=\count101
\maxfields@=\count102
\andhelp@=\toks22
\eqnshift@=\dimen109
\alignsep@=\dimen110
\tagshift@=\dimen111
\tagwidth@=\dimen112
\totwidth@=\dimen113
\lineht@=\dimen114
\@envbody=\toks23
\multlinegap=\skip44
\multlinetaggap=\skip45
\mathdisplay@stack=\toks24
LaTeX Info: Redefining \[ on input line 2817.
LaTeX Info: Redefining \] on input line 2818.
)
(c:/texlive/2016/texmf-dist/tex/latex/tabu/tabu.sty
Package: tabu 2011/02/26 v2.8 - flexible LaTeX tabulars (FC)

(c:/texlive/2016/texmf-dist/tex/latex/tools/array.sty
Package: array 2016/10/06 v2.4d Tabular extension package (FMi)
\col@sep=\dimen115
\extrarowheight=\dimen116
\NC@list=\toks25
\extratabsurround=\skip46
\backup@length=\skip47
)
(c:/texlive/2016/texmf-dist/tex/latex/varwidth/varwidth.sty
Package: varwidth 2009/03/30 ver 0.92;  Variable-width minipages
\@vwid@box=\box28
\sift@deathcycles=\count103
\@vwid@loff=\dimen117
\@vwid@roff=\dimen118
)
\c@taburow=\count104
\tabu@nbcols=\count105
\tabu@cnt=\count106
\tabu@Xcol=\count107
\tabu@alloc=\count108
\tabu@nested=\count109
\tabu@target=\dimen119
\tabu@spreadtarget=\dimen120
\tabu@naturalX=\dimen121
\tabucolX=\dimen122
\tabu@Xsum=\dimen123
\extrarowdepth=\dimen124
\abovetabulinesep=\dimen125
\belowtabulinesep=\dimen126
\tabustrutrule=\dimen127
\tabu@thebody=\toks26
\tabu@footnotes=\toks27
\tabu@box=\box29
\tabu@arstrutbox=\box30
\tabu@hleads=\box31
\tabu@vleads=\box32
\tabu@cellskip=\skip48
)
(c:/texlive/2016/texmf-dist/tex/latex/titling/titling.sty
Package: titling 2009/09/04 v2.1d maketitle typesetting
\thanksmarkwidth=\skip49
\thanksmargin=\skip50
\droptitle=\skip51
)
(c:/texlive/2016/texmf-dist/tex/latex/hyperref/hyperref.sty
Package: hyperref 2016/06/24 v6.83q Hypertext links for LaTeX

(c:/texlive/2016/texmf-dist/tex/generic/oberdiek/hobsub-hyperref.sty
Package: hobsub-hyperref 2016/05/16 v1.14 Bundle oberdiek, subset hyperref (HO)


(c:/texlive/2016/texmf-dist/tex/generic/oberdiek/hobsub-generic.sty
Package: hobsub-generic 2016/05/16 v1.14 Bundle oberdiek, subset generic (HO)
Package: hobsub 2016/05/16 v1.14 Construct package bundles (HO)
Package hobsub Info: Skipping package `infwarerr' (already loaded).
Package hobsub Info: Skipping package `ltxcmds' (already loaded).
Package: ifluatex 2016/05/16 v1.4 Provides the ifluatex switch (HO)
Package ifluatex Info: LuaTeX not detected.
Package: ifvtex 2016/05/16 v1.6 Detect VTeX and its facilities (HO)
Package ifvtex Info: VTeX not detected.
Package: intcalc 2016/05/16 v1.2 Expandable calculations with integers (HO)
Package: ifpdf 2016/05/14 v3.1 Provides the ifpdf switch
Package: etexcmds 2016/05/16 v1.6 Avoid name clashes with e-TeX commands (HO)
Package etexcmds Info: Could not find \expanded.
(etexcmds)             That can mean that you are not using pdfTeX 1.50 or
(etexcmds)             that some package has redefined \expanded.
(etexcmds)             In the latter case, load this package earlier.
Package: kvsetkeys 2016/05/16 v1.17 Key value parser (HO)
Package: kvdefinekeys 2016/05/16 v1.4 Define keys (HO)
Package: pdftexcmds 2016/05/21 v0.22 Utility functions of pdfTeX for LuaTeX (HO
)
Package pdftexcmds Info: LuaTeX not detected.
Package pdftexcmds Info: \pdf@primitive is available.
Package pdftexcmds Info: \pdf@ifprimitive is available.
Package pdftexcmds Info: \pdfdraftmode found.
Package: pdfescape 2016/05/16 v1.14 Implements pdfTeX's escape features (HO)
Package: bigintcalc 2016/05/16 v1.4 Expandable calculations on big integers (HO
)
Package: bitset 2016/05/16 v1.2 Handle bit-vector datatype (HO)
Package: uniquecounter 2016/05/16 v1.3 Provide unlimited unique counter (HO)
)
Package hobsub Info: Skipping package `hobsub' (already loaded).
Package: letltxmacro 2016/05/16 v1.5 Let assignment for LaTeX macros (HO)
Package: hopatch 2016/05/16 v1.3 Wrapper for package hooks (HO)
Package: xcolor-patch 2016/05/16 xcolor patch
Package: atveryend 2016/05/16 v1.9 Hooks at the very end of document (HO)
Package atveryend Info: \enddocument detected (standard20110627).
Package: atbegshi 2016/06/09 v1.18 At begin shipout hook (HO)
Package: refcount 2016/05/16 v3.5 Data extraction from label references (HO)
Package: hycolor 2016/05/16 v1.8 Color options for hyperref/bookmark (HO)
)
(c:/texlive/2016/texmf-dist/tex/generic/ifxetex/ifxetex.sty
Package: ifxetex 2010/09/12 v0.6 Provides ifxetex conditional
)
(c:/texlive/2016/texmf-dist/tex/latex/oberdiek/auxhook.sty
Package: auxhook 2016/05/16 v1.4 Hooks for auxiliary files (HO)
)
(c:/texlive/2016/texmf-dist/tex/latex/oberdiek/kvoptions.sty
Package: kvoptions 2016/05/16 v3.12 Key value format for package options (HO)
)
\@linkdim=\dimen128
\Hy@linkcounter=\count110
\Hy@pagecounter=\count111

(c:/texlive/2016/texmf-dist/tex/latex/hyperref/pd1enc.def
File: pd1enc.def 2016/06/24 v6.83q Hyperref: PDFDocEncoding definition (HO)
Now handling font encoding PD1 ...
... no UTF-8 mapping file for font encoding PD1
)
\Hy@SavedSpaceFactor=\count112

(c:/texlive/2016/texmf-dist/tex/latex/latexconfig/hyperref.cfg
File: hyperref.cfg 2002/06/06 v1.2 hyperref configuration of TeXLive
)
Package hyperref Info: Hyper figures OFF on input line 4486.
Package hyperref Info: Link nesting OFF on input line 4491.
Package hyperref Info: Hyper index ON on input line 4494.
Package hyperref Info: Plain pages OFF on input line 4501.
Package hyperref Info: Backreferencing OFF on input line 4506.
Package hyperref Info: Implicit mode ON; LaTeX internals redefined.
Package hyperref Info: Bookmarks ON on input line 4735.
\c@Hy@tempcnt=\count113

(c:/texlive/2016/texmf-dist/tex/latex/url/url.sty
\Urlmuskip=\muskip11
Package: url 2013/09/16  ver 3.4  Verb mode for urls, etc.
)
LaTeX Info: Redefining \url on input line 5088.
\XeTeXLinkMargin=\dimen129
\Fld@menulength=\count114
\Field@Width=\dimen130
\Fld@charsize=\dimen131
Package hyperref Info: Hyper figures OFF on input line 6342.
Package hyperref Info: Link nesting OFF on input line 6347.
Package hyperref Info: Hyper index ON on input line 6350.
Package hyperref Info: backreferencing OFF on input line 6357.
Package hyperref Info: Link coloring OFF on input line 6362.
Package hyperref Info: Link coloring with OCG OFF on input line 6367.
Package hyperref Info: PDF/A mode OFF on input line 6372.
LaTeX Info: Redefining \ref on input line 6412.
LaTeX Info: Redefining \pageref on input line 6416.
\Hy@abspage=\count115
\c@Item=\count116
\c@Hfootnote=\count117
)

Package hyperref Message: Driver (autodetected): hpdftex.

(c:/texlive/2016/texmf-dist/tex/latex/hyperref/hpdftex.def
File: hpdftex.def 2016/06/24 v6.83q Hyperref driver for pdfTeX
\Fld@listcount=\count118
\c@bookmark@seq@number=\count119

(c:/texlive/2016/texmf-dist/tex/latex/oberdiek/rerunfilecheck.sty
Package: rerunfilecheck 2016/05/16 v1.8 Rerun checks for auxiliary files (HO)
Package uniquecounter Info: New unique counter `rerunfilecheck' on input line 2
82.
)
\Hy@SectionHShift=\skip52
)
(c:/texlive/2016/texmf-dist/tex/latex/appendix/appendix.sty
Package: appendix 2009/09/02 v1.2b extra appendix facilities
\c@@pps=\count120
\c@@ppsavesec=\count121
\c@@ppsaveapp=\count122
)
(c:/texlive/2016/texmf-dist/tex/latex/graphics/color.sty
Package: color 2016/07/10 v1.1e Standard LaTeX Color (DPC)

(c:/texlive/2016/texmf-dist/tex/latex/graphics-cfg/color.cfg
File: color.cfg 2016/01/02 v1.6 sample color configuration
)
Package color Info: Driver file: pdftex.def on input line 147.
)
(c:/texlive/2016/texmf-dist/tex/latex/enumitem/enumitem.sty
Package: enumitem 2011/09/28 v3.5.2 Customized lists
\labelindent=\skip53
\enit@outerparindent=\dimen132
\enit@toks=\toks28
\enit@inbox=\box33
\enitdp@description=\count123
)
(c:/texlive/2016/texmf-dist/tex/latex/glossaries/base/glossaries.sty
Package: glossaries 2017/01/19 v4.29 (NLCT)

(c:/texlive/2016/texmf-dist/tex/latex/base/ifthen.sty
Package: ifthen 2014/09/29 v1.1c Standard LaTeX ifthen package (DPC)
)
(c:/texlive/2016/texmf-dist/tex/latex/xkeyval/xkeyval.sty
Package: xkeyval 2014/12/03 v2.7a package option processing (HA)

(c:/texlive/2016/texmf-dist/tex/generic/xkeyval/xkeyval.tex
(c:/texlive/2016/texmf-dist/tex/generic/xkeyval/xkvutils.tex
\XKV@toks=\toks29
\XKV@tempa@toks=\toks30
)
\XKV@depth=\count124
File: xkeyval.tex 2014/12/03 v2.7a key=value parser (HA)
))
(c:/texlive/2016/texmf-dist/tex/latex/mfirstuc/mfirstuc.sty
Package: mfirstuc 2016/07/31 v2.04 (NLCT)

(c:/texlive/2016/texmf-dist/tex/latex/etoolbox/etoolbox.sty
Package: etoolbox 2017/01/02 v2.4 e-TeX tools for LaTeX (JAW)
\etb@tempcnta=\count125
)
\@glsmfirst=\toks31
\@glsmrest=\toks32
)
(c:/texlive/2016/texmf-dist/tex/latex/textcase/textcase.sty
Package: textcase 2004/10/07 v0.07 Text only upper/lower case changing (DPC)
)
(c:/texlive/2016/texmf-dist/tex/latex/xfor/xfor.sty
Package: xfor 2009/02/05 v1.05 (NLCT)
)
(c:/texlive/2016/texmf-dist/tex/latex/datatool/datatool-base.sty
Package: datatool-base 2016/07/28 v2.27 (NLCT)

(c:/texlive/2016/texmf-dist/tex/latex/substr/substr.sty
Package: substr 2009/10/20 v1.2 Handle substrings
\c@su@anzahl=\count126
)
(c:/texlive/2016/texmf-dist/tex/latex/datatool/datatool-fp.sty
Package: datatool-fp 2016/07/28 v2.27 (NLCT)

(c:/texlive/2016/texmf-dist/tex/latex/fp/fp.sty
Package: fp 1995/04/02

`Fixed Point Package', Version 0.8, April 2, 1995 (C) Michael Mehlich
(c:/texlive/2016/texmf-dist/tex/latex/fp/defpattern.sty
Package: defpattern 1994/10/12
\actioncount=\count127
)
(c:/texlive/2016/texmf-dist/tex/latex/fp/fp-basic.sty
Package: fp-basic 1996/05/13
\FP@xs=\count128
\FP@xia=\count129
\FP@xib=\count130
\FP@xfa=\count131
\FP@xfb=\count132
\FP@rega=\count133
\FP@regb=\count134
\FP@regs=\count135
\FP@times=\count136
)
(c:/texlive/2016/texmf-dist/tex/latex/fp/fp-addons.sty
Package: fp-addons 1995/03/15
)
(c:/texlive/2016/texmf-dist/tex/latex/fp/fp-snap.sty
Package: fp-snap 1995/04/05
)
(c:/texlive/2016/texmf-dist/tex/latex/fp/fp-exp.sty
Package: fp-exp 1995/04/03
)
(c:/texlive/2016/texmf-dist/tex/latex/fp/fp-trigo.sty
Package: fp-trigo 1995/04/14
)
(c:/texlive/2016/texmf-dist/tex/latex/fp/fp-pas.sty
Package: fp-pas 1994/08/29
)
(c:/texlive/2016/texmf-dist/tex/latex/fp/fp-random.sty
Package: fp-random 1995/02/23
\FPseed=\count137
)
(c:/texlive/2016/texmf-dist/tex/latex/fp/fp-eqn.sty
Package: fp-eqn 1995/04/03
)
(c:/texlive/2016/texmf-dist/tex/latex/fp/fp-upn.sty
Package: fp-upn 1996/10/21
)
(c:/texlive/2016/texmf-dist/tex/latex/fp/fp-eval.sty
Package: fp-eval 1995/04/03
)))
\@dtl@toks=\toks33
\@dtl@tmpcount=\count138
\dtl@tmplength=\skip54
\dtl@sortresult=\count139
\@dtl@numgrpsepcount=\count140
\@dtl@datatype=\count141
\dtl@codeA=\count142
\dtl@codeB=\count143
\@dtl@foreach@level=\count144
)
(c:/texlive/2016/texmf-dist/tex/latex/glossaries/base/glossaries-compatible-307
.sty
Package: glossaries-compatible-307 2017/01/19 v4.29 (NLCT)
) (c:/texlive/2016/texmf-dist/tex/latex/tracklang/tracklang.sty
Package: tracklang 2016/11/03 v1.3.3 (NLCT) Track Languages

(c:/texlive/2016/texmf-dist/tex/generic/tracklang/tracklang.tex))
(c:/texlive/2016/texmf-dist/tex/latex/beamer/translator/translator.sty
Package: translator 2010/06/12 ver 1.10

(c:/texlive/2016/texmf-dist/tex/latex/beamer/translator/translator-language-map
pings.tex))
(c:/texlive/2016/texmf-dist/tex/latex/glossaries-spanish/glossaries-spanish.ldf
File: glossaries-spanish.ldf 2014/11/23 v1.0

(c:/texlive/2016/texmf-dist/tex/latex/glossaries-spanish/glossaries-spanish-utf
8.ldf))
\gls@level=\count145
\@gls@tmpb=\toks34
\gls@tmplen=\skip55
\glskeylisttok=\toks35
\glslabeltok=\toks36
\glsshorttok=\toks37
\glslongtok=\toks38

(c:/texlive/2016/texmf-dist/tex/latex/glossaries/styles/glossary-hypernav.sty
Package: glossary-hypernav 2017/01/19 v4.29 (NLCT)
)
(c:/texlive/2016/texmf-dist/tex/latex/glossaries/styles/glossary-list.sty
Package: glossary-list 2017/01/19 v4.29 (NLCT)
\glslistdottedwidth=\skip56
)
(c:/texlive/2016/texmf-dist/tex/latex/glossaries/styles/glossary-long.sty
Package: glossary-long 2017/01/19 v4.29 (NLCT)

(c:/texlive/2016/texmf-dist/tex/latex/tools/longtable.sty
Package: longtable 2014/10/28 v4.11 Multi-page Table package (DPC)
\LTleft=\skip57
\LTright=\skip58
\LTpre=\skip59
\LTpost=\skip60
\LTchunksize=\count146
\LTcapwidth=\dimen133
\LT@head=\box34
\LT@firsthead=\box35
\LT@foot=\box36
\LT@lastfoot=\box37
\LT@cols=\count147
\LT@rows=\count148
\c@LT@tables=\count149
\c@LT@chunks=\count150
\LT@p@ftn=\toks39
)
\glsdescwidth=\skip61
\glspagelistwidth=\skip62
)
(c:/texlive/2016/texmf-dist/tex/latex/glossaries/styles/glossary-super.sty
Package: glossary-super 2017/01/19 v4.29 (NLCT)

(c:/texlive/2016/texmf-dist/tex/latex/supertabular/supertabular.sty
Package: supertabular 2004/02/20 v4.1e the supertabular environment
\c@tracingst=\count151
\ST@wd=\dimen134
\ST@rightskip=\skip63
\ST@leftskip=\skip64
\ST@parfillskip=\skip65
\ST@pageleft=\dimen135
\ST@headht=\dimen136
\ST@tailht=\dimen137
\ST@pagesofar=\dimen138
\ST@pboxht=\dimen139
\ST@lineht=\dimen140
\ST@stretchht=\dimen141
\ST@prevht=\dimen142
\ST@toadd=\dimen143
\ST@dimen=\dimen144
\ST@pbox=\box38
))
(c:/texlive/2016/texmf-dist/tex/latex/glossaries/styles/glossary-tree.sty
Package: glossary-tree 2017/01/19 v4.29 (NLCT)
\glstreeindent=\skip66
))
(c:/texlive/2016/texmf-dist/tex/latex/caption/caption.sty
Package: caption 2016/02/21 v3.3-144 Customizing captions (AR)

(c:/texlive/2016/texmf-dist/tex/latex/caption/caption3.sty
Package: caption3 2016/05/22 v1.7-166 caption3 kernel (AR)
Package caption3 Info: TeX engine: e-TeX on input line 67.
\captionmargin=\dimen145
\captionmargin@=\dimen146
\captionwidth=\dimen147
\caption@tempdima=\dimen148
\caption@indent=\dimen149
\caption@parindent=\dimen150
\caption@hangindent=\dimen151
)
\c@ContinuedFloat=\count152
Package caption Info: hyperref package is loaded.
Package caption Info: longtable package is loaded.

(c:/texlive/2016/texmf-dist/tex/latex/caption/ltcaption.sty
Package: ltcaption 2013/06/09 v1.4-94 longtable captions (AR)
)
Package caption Info: supertabular package is loaded.
)

LaTeX Warning: Unused global option(s):
    [fontsize=11pt,paper=A4,pagesize=auto].

(./principal.aux (./Portada/portada.aux)
LaTeX Info: Redefining \. on input line 23.
LaTeX Info: Redefining \% on input line 23.
 (./Capitulo1/capitulo1.aux)
(./Capitulo2/capitulo2.aux) (./Capitulo3/capitulo3.aux)

LaTeX Warning: Label `tabla:pobconlimsincolo' multiply defined.


LaTeX Warning: Label `tabla:pobconlimsincolo' multiply defined.


LaTeX Warning: Label `tabla:pobconlimsincolo' multiply defined.

(./Capitulo3/riesgos.aux

LaTeX Warning: Label `tabla:pobconlimsincolo' multiply defined.


LaTeX Warning: Label `tabla:pobconlimsincolo' multiply defined.


LaTeX Warning: Label `tabla:pobconlimsincolo' multiply defined.

)

LaTeX Warning: Label `cu1_1_ta_b' multiply defined.


LaTeX Warning: Label `msje_' multiply defined.


LaTeX Warning: Label `msje_' multiply defined.


LaTeX Warning: Label `msja_' multiply defined.


LaTeX Warning: Label `msja_' multiply defined.


LaTeX Warning: Label `msja_' multiply defined.


LaTeX Warning: Label `msjc_' multiply defined.


LaTeX Warning: Label `msjc_' multiply defined.


LaTeX Warning: Label `msjc_' multiply defined.


LaTeX Warning: Label `msjc_' multiply defined.


LaTeX Warning: Label `msjn_' multiply defined.


LaTeX Warning: Label `msjn_' multiply defined.


LaTeX Warning: Label `msjn_' multiply defined.


LaTeX Warning: Label `msjn_' multiply defined.

(./Capitulo4/capitulo4.aux))
\openout1 = `principal.aux'.

LaTeX Font Info:    Checking defaults for OML/cmm/m/it on input line 19.
LaTeX Font Info:    ... okay on input line 19.
LaTeX Font Info:    Checking defaults for T1/cmr/m/n on input line 19.
LaTeX Font Info:    ... okay on input line 19.
LaTeX Font Info:    Checking defaults for OT1/cmr/m/n on input line 19.
LaTeX Font Info:    ... okay on input line 19.
LaTeX Font Info:    Checking defaults for OMS/cmsy/m/n on input line 19.
LaTeX Font Info:    ... okay on input line 19.
LaTeX Font Info:    Checking defaults for OMX/cmex/m/n on input line 19.
LaTeX Font Info:    ... okay on input line 19.
LaTeX Font Info:    Checking defaults for U/cmr/m/n on input line 19.
LaTeX Font Info:    ... okay on input line 19.
LaTeX Font Info:    Checking defaults for PD1/pdf/m/n on input line 19.
LaTeX Font Info:    ... okay on input line 19.
LaTeX Info: Redefining \. on input line 19.
LaTeX Info: Redefining \% on input line 19.

(c:/texlive/2016/texmf-dist/tex/context/base/mkii/supp-pdf.mkii
[Loading MPS to PDF converter (version 2006.09.02).]
\scratchcounter=\count153
\scratchdimen=\dimen152
\scratchbox=\box39
\nofMPsegments=\count154
\nofMParguments=\count155
\everyMPshowfont=\toks40
\MPscratchCnt=\count156
\MPscratchDim=\dimen153
\MPnumerator=\count157
\makeMPintoPDFobject=\count158
\everyMPtoPDFconversion=\toks41
) (c:/texlive/2016/texmf-dist/tex/latex/oberdiek/epstopdf-base.sty
Package: epstopdf-base 2016/05/15 v2.6 Base part for package epstopdf

(c:/texlive/2016/texmf-dist/tex/latex/oberdiek/grfext.sty
Package: grfext 2016/05/16 v1.2 Manage graphics extensions (HO)
)
Package epstopdf-base Info: Redefining graphics rule for `.eps' on input line 4
38.
Package grfext Info: Graphics extension search list:
(grfext)             [.png,.pdf,.jpg,.mps,.jpeg,.jbig2,.jb2,.PNG,.PDF,.JPG,.JPE
G,.JBIG2,.JB2,.eps]
(grfext)             \AppendGraphicsExtensions on input line 456.

(c:/texlive/2016/texmf-dist/tex/latex/latexconfig/epstopdf-sys.cfg
File: epstopdf-sys.cfg 2010/07/13 v1.3 Configuration of (r)epstopdf for TeX Liv
e
))
\AtBeginShipoutBox=\box40
Package hyperref Info: Link coloring OFF on input line 19.

(c:/texlive/2016/texmf-dist/tex/latex/hyperref/nameref.sty
Package: nameref 2016/05/21 v2.44 Cross-referencing by name of section

(c:/texlive/2016/texmf-dist/tex/generic/oberdiek/gettitlestring.sty
Package: gettitlestring 2016/05/16 v1.5 Cleanup title references (HO)
)
\c@section@level=\count159
)
LaTeX Info: Redefining \ref on input line 19.
LaTeX Info: Redefining \pageref on input line 19.
LaTeX Info: Redefining \nameref on input line 19.

(./principal.out) (./principal.out)
\@outlinefile=\write3
\openout3 = `principal.out'.

 (./principal.glsdefs)
Package caption Info: Begin \AtBeginDocument code.
Package caption Info: End \AtBeginDocument code.
\openout2 = `Portada/portada.aux'.


(./Portada/portada.tex <Portada/img/ipn.jpg, id=184, 361.35pt x 597.9138pt>
File: Portada/img/ipn.jpg Graphic file (type jpg)

<use Portada/img/ipn.jpg>
Package pdftex.def Info: Portada/img/ipn.jpg used on input line 3.
(pdftex.def)             Requested size: 41.39847pt x 68.49861pt.

<Portada/img/escom.jpg, id=185, 921.4425pt x 706.13812pt>
File: Portada/img/escom.jpg Graphic file (type jpg)

<use Portada/img/escom.jpg>
Package pdftex.def Info: Portada/img/escom.jpg used on input line 12.
(pdftex.def)             Requested size: 62.09862pt x 47.58145pt.

Overfull \hbox (19.43916pt too wide) in paragraph at lines 2--14
[]$[]$ $[]$ $[]$ 
 []

[1



{c:/texlive/2016/texmf-var/fonts/map/pdftex/updmap/pdftex.map} <./Portada/img/i
pn.jpg> <./Portada/img/escom.jpg>]) (./principal.toc
LaTeX Info: Redefining \. on input line 1.
LaTeX Info: Redefining \% on input line 1.
pdfTeX warning (ext4): destination with the same identifier (name{page.1}) has 
been already used, duplicate ignored
<to be read again> 
                   \relax 
l.61 ...{3.6.3}Limitaciones}{41}{subsection.3.6.3}
                                                   [1


])
\tf@toc=\write4
\openout4 = `principal.toc'.

LaTeX Info: Redefining \. on input line 27.
LaTeX Info: Redefining \% on input line 27.
 [2] (./principal.lof
LaTeX Info: Redefining \. on input line 1.
LaTeX Info: Redefining \% on input line 1.
)
\tf@lof=\write5
\openout5 = `principal.lof'.


[3

] (./principal.lot
LaTeX Info: Redefining \. on input line 1.
LaTeX Info: Redefining \% on input line 1.
)
\tf@lot=\write6
\openout6 = `principal.lot'.

 [4

]
\openout2 = `Capitulo1/capitulo1.aux'.

 (./Capitulo1/capitulo1.tex
Cap\'{\i }tulo 1.
) [5


] (./Capitulo1/introduccion.tex) (./Capitulo1/objetivo.tex)
(./Capitulo1/justificacion.tex
LaTeX Info: Redefining \. on input line 2.
LaTeX Info: Redefining \% on input line 2.
 [6

]) (./Capitulo1/resultados.tex
<Capitulo1/img/propuesta_de_solucion.jpg, id=331, 341.64pt x 139.284pt>
File: Capitulo1/img/propuesta_de_solucion.jpg Graphic file (type jpg)

<use Capitulo1/img/propuesta_de_solucion.jpg>
Package pdftex.def Info: Capitulo1/img/propuesta_de_solucion.jpg used on input 
line 9.
(pdftex.def)             Requested size: 341.63916pt x 139.28365pt.


Package caption Warning: The option `hypcap=true' will be ignored for this
(caption)                particular \caption on input line 10.
See the caption package documentation for explanation.

LaTeX Info: Redefining \. on input line 10.
LaTeX Info: Redefining \% on input line 10.
[7])
LaTeX Info: Redefining \. on input line 38.
LaTeX Info: Redefining \% on input line 38.
 [8 <./Capitulo1/img/propuesta_de_solucion.jpg>]
\openout2 = `Capitulo2/capitulo2.aux'.

 (./Capitulo2/capitulo2.tex
Cap\'{\i }tulo 2.
) [9


] (./Capitulo2/alcoholemia.tex
Underfull \hbox (badness 10000) in paragraph at lines 16--16

 []


Underfull \hbox (badness 10000) in paragraph at lines 17--17

 []

LaTeX Info: Redefining \. on input line 17.
LaTeX Info: Redefining \% on input line 17.
[10

]
LaTeX Font Info:    Try loading font information for OML+cmr on input line 57.
 (c:/texlive/2016/texmf-dist/tex/latex/base/omlcmr.fd
File: omlcmr.fd 2014/09/29 v2.5h Standard LaTeX font definitions
)
LaTeX Font Info:    Font shape `OML/cmr/m/n' in size <10> not available
(Font)              Font shape `OML/cmm/m/it' tried instead on input line 57.
LaTeX Info: Redefining \. on input line 64.
LaTeX Info: Redefining \% on input line 64.
 [11]
LaTeX Info: Redefining \. on input line 71.
LaTeX Info: Redefining \% on input line 71.
 [12])
(./Capitulo2/comparacion.tex
Underfull \hbox (badness 10000) in paragraph at lines 21--21
[]|\OT1/cmr/m/n/10 Prototipo desa-rro-lla-do
 []


Underfull \hbox (badness 4634) in paragraph at lines 21--21
\OT1/cmr/m/n/10 un Au-tom^^Sovil con Al-
 []

)
LaTeX Info: Redefining \. on input line 43.
LaTeX Info: Redefining \% on input line 43.
 [13]
LaTeX Info: Redefining \. on input line 43.
LaTeX Info: Redefining \% on input line 43.
 [14]
\openout2 = `Capitulo3/capitulo3.aux'.

 (./Capitulo3/capitulo3.tex
Cap\'{\i }tulo 3.
) [15


] (./Capitulo3/herramientas.tex) (./Capitulo3/requerimientos.tex
LaTeX Info: Redefining \. on input line 9.
LaTeX Info: Redefining \% on input line 9.
 [16

]
LaTeX Info: Redefining \. on input line 21.
LaTeX Info: Redefining \% on input line 21.

[17]) (./Capitulo3/funcionales.tex
Underfull \hbox (badness 10000) in paragraph at lines 8--8
[]|\OT1/cmr/m/n/10 Enlazar dis-po-si-ti-vo
 []


Overfull \hbox (62.4858pt too wide) in paragraph at lines 6--12
 [][] 
 []


Underfull \hbox (badness 10000) in paragraph at lines 25--25
[]|\OT1/cmr/m/n/10 Descripci^^Son: Se re-ci-bir^^Sa las
 []


Overfull \hbox (62.4858pt too wide) in paragraph at lines 22--32
 [][] 
 []

) (./Capitulo3/no_funcionales.tex
Underfull \hbox (badness 5091) in paragraph at lines 8--8
[]|\OT1/cmr/m/n/10 LENGUAJE DE PRO-
 []


Underfull \hbox (badness 3098) in paragraph at lines 9--9
[]|\OT1/cmr/m/n/10 Descripci^^Son: Pa-ra eje-cu-tar la
 []


Underfull \hbox (badness 10000) in paragraph at lines 10--10
[]|\OT1/cmr/m/n/10 CARACTER[]ISTI-CAS
 []


Underfull \hbox (badness 2165) in paragraph at lines 11--11
[]|\OT1/cmr/m/n/10 COMUNICACI[]ON CON
 []


Overfull \hbox (62.4858pt too wide) in paragraph at lines 6--14
 [][] 
 []

LaTeX Info: Redefining \. on input line 16.
LaTeX Info: Redefining \% on input line 16.
[18]
Underfull \hbox (badness 4846) in paragraph at lines 28--29
[]|\OT1/cmr/m/n/10 Descripci^^Son: La co-mu-ni-ca-ci^^Son
 []


Underfull \hbox (badness 4416) in paragraph at lines 28--29
\OT1/cmr/m/n/10 dispositivo-aplicaci^^Son se rea-li-
 []


Overfull \hbox (62.4858pt too wide) in paragraph at lines 24--31
 [][] 
 []

)
LaTeX Info: Redefining \. on input line 48.
LaTeX Info: Redefining \% on input line 48.
 [19]
LaTeX Info: Redefining \. on input line 48.
LaTeX Info: Redefining \% on input line 48.
 [20]
\openout2 = `Capitulo3/riesgos.aux'.

 (./Capitulo3/riesgos.tex
Overfull \hbox (62.4858pt too wide) in paragraph at lines 8--16
 [][] 
 []


Underfull \hbox (badness 10000) in paragraph at lines 21--22

 []


Underfull \hbox (badness 10000) in paragraph at lines 21--22

 []


Underfull \hbox (badness 10000) in paragraph at lines 21--22

 []


Underfull \hbox (badness 10000) in paragraph at lines 21--22

 []


Overfull \hbox (21.63304pt too wide) in paragraph at lines 26--34
 [][] 
 []

LaTeX Info: Redefining \. on input line 41.
LaTeX Info: Redefining \% on input line 41.
[21

]
Underfull \hbox (badness 1852) in paragraph at lines 60--60
[]|\OT1/cmr/m/n/10 Se rea-li-zar^^San ite-ra-cio-nes ca-da
 []


Overfull \hbox (74.88577pt too wide) in paragraph at lines 44--63
 [][] 
 []

)
LaTeX Info: Redefining \. on input line 48.
LaTeX Info: Redefining \% on input line 48.
 [22]
LaTeX Info: Redefining \. on input line 48.
LaTeX Info: Redefining \% on input line 48.
 [23] (./Capitulo3/diagramas_casos_de_uso.tex
<Capitulo3/img/diagramas/diagrama_casos_de_uso_usuario.png, id=440, 2578.63374p
t x 1854.93pt>
File: Capitulo3/img/diagramas/diagrama_casos_de_uso_usuario.png Graphic file (t
ype png)
 <use Capitulo3/img/diagramas/diagrama_casos_de_uso_usuario.png>
Package pdftex.def Info: Capitulo3/img/diagramas/diagrama_casos_de_uso_usuario.
png used on input line 5.
(pdftex.def)             Requested size: 386.77838pt x 278.2275pt.


Package caption Warning: The option `hypcap=true' will be ignored for this
(caption)                particular \caption on input line 6.
See the caption package documentation for explanation.


Overfull \hbox (41.77838pt too wide) in paragraph at lines 5--6
 [] 
 []

LaTeX Info: Redefining \. on input line 9.
LaTeX Info: Redefining \% on input line 9.
[24

 <./Capitulo3/img/diagramas/diagrama_casos_de_uso_usuario.png>]
<Capitulo3/img/diagramas/diagrama_casos_de_uso_sub_usuario.png, id=449, 2630.82
875pt x 1383.1675pt>
File: Capitulo3/img/diagramas/diagrama_casos_de_uso_sub_usuario.png Graphic fil
e (type png)

<use Capitulo3/img/diagramas/diagrama_casos_de_uso_sub_usuario.png>
Package pdftex.def Info: Capitulo3/img/diagramas/diagrama_casos_de_uso_sub_usua
rio.png used on input line 11.
(pdftex.def)             Requested size: 394.60728pt x 207.46617pt.


Package caption Warning: The option `hypcap=true' will be ignored for this
(caption)                particular \caption on input line 12.
See the caption package documentation for explanation.


Overfull \hbox (49.60728pt too wide) in paragraph at lines 11--12
 [] 
 []


<Capitulo3/img/diagramas/diagrama_casos_de_uso_administrador.png, id=450, 1901.
1025pt x 1296.845pt>
File: Capitulo3/img/diagramas/diagrama_casos_de_uso_administrador.png Graphic f
ile (type png)

<use Capitulo3/img/diagramas/diagrama_casos_de_uso_administrador.png>
Package pdftex.def Info: Capitulo3/img/diagramas/diagrama_casos_de_uso_administ
rador.png used on input line 17.
(pdftex.def)             Requested size: 332.69792pt x 226.95128pt.


Package caption Warning: The option `hypcap=true' will be ignored for this
(caption)                particular \caption on input line 18.
See the caption package documentation for explanation.

) (./Capitulo3/casos_de_uso.tex
(./Capitulo3/casos_de_uso/cu1_iniciar_sesion.tex
LaTeX Info: Redefining \. on input line 1.
LaTeX Info: Redefining \% on input line 1.
 [25 <./Capitulo3/img/diagramas/diagrama_casos_de_uso_sub_usuario.png> <./Capit
ulo3/img/diagramas/diagrama_casos_de_uso_administrador.png>]

Package caption Warning: The option `hypcap=true' will be ignored for this
(caption)                particular \caption on input line 9.
See the caption package documentation for explanation.

LaTeX Font Info:    Try loading font information for OMS+cmr on input line 48.
(c:/texlive/2016/texmf-dist/tex/latex/base/omscmr.fd
File: omscmr.fd 2014/09/29 v2.5h Standard LaTeX font definitions
)
LaTeX Font Info:    Font shape `OMS/cmr/m/n' in size <10> not available
(Font)              Font shape `OMS/cmsy/m/n' tried instead on input line 48.


LaTeX Warning: Hyper reference `rnr_01' on page 26 undefined on input line 56.


LaTeX Warning: Hyper reference `rnr_02' on page 26 undefined on input line 57.


LaTeX Warning: Hyper reference `rnr_03' on page 26 undefined on input line 58.


Underfull \vbox (badness 10000) detected at line 70
 []

LaTeX Info: Redefining \. on input line 70.
LaTeX Info: Redefining \% on input line 70.
[26] <Capitulo3/img/actor.png, id=467, 103.38625pt x 203.76125pt>
File: Capitulo3/img/actor.png Graphic file (type png)

<use Capitulo3/img/actor.png>
Package pdftex.def Info: Capitulo3/img/actor.png used on input line 77.
(pdftex.def)             Requested size: 10.33922pt x 20.3773pt.

<Capitulo3/img/proceso.png, id=468, 460.72125pt x 199.74625pt>
File: Capitulo3/img/proceso.png Graphic file (type png)

<use Capitulo3/img/proceso.png>
Package pdftex.def Info: Capitulo3/img/proceso.png used on input line 78.
(pdftex.def)             Requested size: 23.0374pt x 9.98788pt.
File: Capitulo3/img/actor.png Graphic file (type png)
 <use Capitulo3/img/actor.png>
Package pdftex.def Info: Capitulo3/img/actor.png used on input line 79.
(pdftex.def)             Requested size: 10.33922pt x 20.3773pt.
File: Capitulo3/img/proceso.png Graphic file (type png)

<use Capitulo3/img/proceso.png>
Package pdftex.def Info: Capitulo3/img/proceso.png used on input line 80.
(pdftex.def)             Requested size: 23.0374pt x 9.98788pt.
File: Capitulo3/img/actor.png Graphic file (type png)
 <use Capitulo3/img/actor.png>
Package pdftex.def Info: Capitulo3/img/actor.png used on input line 81.
(pdftex.def)             Requested size: 10.33922pt x 20.3773pt.
File: Capitulo3/img/actor.png Graphic file (type png)

<use Capitulo3/img/actor.png>
Package pdftex.def Info: Capitulo3/img/actor.png used on input line 82.
(pdftex.def)             Requested size: 10.33922pt x 20.3773pt.
File: Capitulo3/img/proceso.png Graphic file (type png)
 <use Capitulo3/img/proceso.png>
Package pdftex.def Info: Capitulo3/img/proceso.png used on input line 83.
(pdftex.def)             Requested size: 23.0374pt x 9.98788pt.


LaTeX Warning: Hyper reference `rnl_04' on page 27 undefined on input line 83.

File: Capitulo3/img/proceso.png Graphic file (type png)
<use Capitulo3/img/proceso.png>
Package pdftex.def Info: Capitulo3/img/proceso.png used on input line 84.
(pdftex.def)             Requested size: 23.0374pt x 9.98788pt.


LaTeX Warning: Hyper reference `cu1_ta_b' on page 27 undefined on input line 84
.

LaTeX Info: Redefining \. on input line 85.
LaTeX Info: Redefining \% on input line 85.
[27 <./Capitulo3/img/actor.png> <./Capitulo3/img/proceso.png>]
File: Capitulo3/img/proceso.png Graphic file (type png)

<use Capitulo3/img/proceso.png>
Package pdftex.def Info: Capitulo3/img/proceso.png used on input line 85.
(pdftex.def)             Requested size: 23.0374pt x 9.98788pt.
File: Capitulo3/img/proceso.png Graphic file (type png)
 <use Capitulo3/img/proceso.png>
Package pdftex.def Info: Capitulo3/img/proceso.png used on input line 86.
(pdftex.def)             Requested size: 23.0374pt x 9.98788pt.
File: Capitulo3/img/actor.png Graphic file (type png)

<use Capitulo3/img/actor.png>
Package pdftex.def Info: Capitulo3/img/actor.png used on input line 87.
(pdftex.def)             Requested size: 10.33922pt x 20.3773pt.

Underfull \hbox (badness 10000) in paragraph at lines 87--89

 []


Underfull \hbox (badness 10000) in paragraph at lines 91--93

 []

File: Capitulo3/img/proceso.png Graphic file (type png)
<use Capitulo3/img/proceso.png>
Package pdftex.def Info: Capitulo3/img/proceso.png used on input line 94.
(pdftex.def)             Requested size: 23.0374pt x 9.98788pt.

Underfull \hbox (badness 10000) in paragraph at lines 95--97

 []


Underfull \hbox (badness 10000) in paragraph at lines 99--101

 []

File: Capitulo3/img/proceso.png Graphic file (type png)
<use Capitulo3/img/proceso.png>
Package pdftex.def Info: Capitulo3/img/proceso.png used on input line 102.
(pdftex.def)             Requested size: 23.0374pt x 9.98788pt.

Underfull \hbox (badness 10000) in paragraph at lines 103--105

 []


Underfull \hbox (badness 10000) in paragraph at lines 107--109

 []

File: Capitulo3/img/proceso.png Graphic file (type png)
<use Capitulo3/img/proceso.png>
Package pdftex.def Info: Capitulo3/img/proceso.png used on input line 110.
(pdftex.def)             Requested size: 23.0374pt x 9.98788pt.

Underfull \hbox (badness 10000) in paragraph at lines 111--113

 []


Underfull \hbox (badness 10000) in paragraph at lines 115--117

 []

LaTeX Info: Redefining \. on input line 117.
LaTeX Info: Redefining \% on input line 117.
[28]
File: Capitulo3/img/proceso.png Graphic file (type png)
 <use Capitulo3/img/proceso.png>
Package pdftex.def Info: Capitulo3/img/proceso.png used on input line 118.
(pdftex.def)             Requested size: 23.0374pt x 9.98788pt.

Underfull \hbox (badness 10000) in paragraph at lines 119--121

 []


Underfull \hbox (badness 10000) in paragraph at lines 123--125

 []

File: Capitulo3/img/proceso.png Graphic file (type png)
<use Capitulo3/img/proceso.png>
Package pdftex.def Info: Capitulo3/img/proceso.png used on input line 126.
(pdftex.def)             Requested size: 23.0374pt x 9.98788pt.

Underfull \hbox (badness 10000) in paragraph at lines 127--129

 []


Underfull \hbox (badness 10000) in paragraph at lines 131--133

 []

File: Capitulo3/img/proceso.png Graphic file (type png)
<use Capitulo3/img/proceso.png>
Package pdftex.def Info: Capitulo3/img/proceso.png used on input line 134.
(pdftex.def)             Requested size: 23.0374pt x 9.98788pt.

Underfull \hbox (badness 10000) in paragraph at lines 134--136

 []


Underfull \hbox (badness 10000) in paragraph at lines 138--140

 []

File: Capitulo3/img/proceso.png Graphic file (type png)
<use Capitulo3/img/proceso.png>
Package pdftex.def Info: Capitulo3/img/proceso.png used on input line 141.
(pdftex.def)             Requested size: 23.0374pt x 9.98788pt.

Underfull \hbox (badness 10000) in paragraph at lines 141--143

 []


Underfull \hbox (badness 10000) in paragraph at lines 146--148

 []


LaTeX Warning: Hyper reference `cu1_ta_G' on page 29 undefined on input line 15
1.

)
LaTeX Info: Redefining \. on input line 4.
LaTeX Info: Redefining \% on input line 4.
 [29]
LaTeX Info: Redefining \. on input line 4.
LaTeX Info: Redefining \% on input line 4.
 [30] (./Capitulo3/casos_de_uso/cu1_1_recuperar.tex

Package caption Warning: The option `hypcap=true' will be ignored for this
(caption)                particular \caption on input line 10.
See the caption package documentation for explanation.

pdfTeX warning (ext4): destination with the same identifier (name{table.3.9}) h
as been already used, duplicate ignored
<to be read again> 
                   \relax 
l.10 ...e}{Caso de uso 1.1: Recuperar contrasea}
                                                   \label{tab:cu1_1_tab}

LaTeX Warning: Hyper reference `rnr_01' on page 31 undefined on input line 52.


LaTeX Warning: Hyper reference `rnr_02' on page 31 undefined on input line 53.


Underfull \vbox (badness 10000) detected at line 65
 []

LaTeX Info: Redefining \. on input line 65.
LaTeX Info: Redefining \% on input line 65.
[31]
File: Capitulo3/img/actor.png Graphic file (type png)
 <use Capitulo3/img/actor.png>
Package pdftex.def Info: Capitulo3/img/actor.png used on input line 72.
(pdftex.def)             Requested size: 10.33922pt x 20.3773pt.
File: Capitulo3/img/proceso.png Graphic file (type png)
 <use Capitulo3/img/proceso.png>
Package pdftex.def Info: Capitulo3/img/proceso.png used on input line 73.
(pdftex.def)             Requested size: 23.0374pt x 9.98788pt.
File: Capitulo3/img/actor.png Graphic file (type png)

<use Capitulo3/img/actor.png>
Package pdftex.def Info: Capitulo3/img/actor.png used on input line 74.
(pdftex.def)             Requested size: 10.33922pt x 20.3773pt.
File: Capitulo3/img/proceso.png Graphic file (type png)
 <use Capitulo3/img/proceso.png>
Package pdftex.def Info: Capitulo3/img/proceso.png used on input line 75.
(pdftex.def)             Requested size: 23.0374pt x 9.98788pt.
File: Capitulo3/img/actor.png Graphic file (type png)

<use Capitulo3/img/actor.png>
Package pdftex.def Info: Capitulo3/img/actor.png used on input line 76.
(pdftex.def)             Requested size: 10.33922pt x 20.3773pt.
File: Capitulo3/img/proceso.png Graphic file (type png)
 <use Capitulo3/img/proceso.png>
Package pdftex.def Info: Capitulo3/img/proceso.png used on input line 77.
(pdftex.def)             Requested size: 23.0374pt x 9.98788pt.
File: Capitulo3/img/proceso.png Graphic file (type png)

<use Capitulo3/img/proceso.png>
Package pdftex.def Info: Capitulo3/img/proceso.png used on input line 78.
(pdftex.def)             Requested size: 23.0374pt x 9.98788pt.
File: Capitulo3/img/proceso.png Graphic file (type png)
 <use Capitulo3/img/proceso.png>
Package pdftex.def Info: Capitulo3/img/proceso.png used on input line 79.
(pdftex.def)             Requested size: 23.0374pt x 9.98788pt.
File: Capitulo3/img/proceso.png Graphic file (type png)

<use Capitulo3/img/proceso.png>
Package pdftex.def Info: Capitulo3/img/proceso.png used on input line 80.
(pdftex.def)             Requested size: 23.0374pt x 9.98788pt.
File: Capitulo3/img/proceso.png Graphic file (type png)
 <use Capitulo3/img/proceso.png>
Package pdftex.def Info: Capitulo3/img/proceso.png used on input line 81.
(pdftex.def)             Requested size: 23.0374pt x 9.98788pt.
File: Capitulo3/img/proceso.png Graphic file (type png)

<use Capitulo3/img/proceso.png>
Package pdftex.def Info: Capitulo3/img/proceso.png used on input line 82.
(pdftex.def)             Requested size: 46.07481pt x 19.97578pt.

Underfull \hbox (badness 10000) in paragraph at lines 82--84

 []


Underfull \hbox (badness 10000) in paragraph at lines 86--88

 []

File: Capitulo3/img/proceso.png Graphic file (type png)
<use Capitulo3/img/proceso.png>
Package pdftex.def Info: Capitulo3/img/proceso.png used on input line 89.
(pdftex.def)             Requested size: 23.0374pt x 9.98788pt.
LaTeX Info: Redefining \. on input line 90.
LaTeX Info: Redefining \% on input line 90.
 [32]
Underfull \hbox (badness 10000) in paragraph at lines 90--92

 []


Underfull \hbox (badness 10000) in paragraph at lines 94--96

 []

File: Capitulo3/img/proceso.png Graphic file (type png)
<use Capitulo3/img/proceso.png>
Package pdftex.def Info: Capitulo3/img/proceso.png used on input line 97.
(pdftex.def)             Requested size: 23.0374pt x 9.98788pt.

Underfull \hbox (badness 10000) in paragraph at lines 98--100

 []


Underfull \hbox (badness 10000) in paragraph at lines 102--104

 []

File: Capitulo3/img/proceso.png Graphic file (type png)
<use Capitulo3/img/proceso.png>
Package pdftex.def Info: Capitulo3/img/proceso.png used on input line 105.
(pdftex.def)             Requested size: 23.0374pt x 9.98788pt.

Underfull \hbox (badness 10000) in paragraph at lines 106--108

 []


Underfull \hbox (badness 10000) in paragraph at lines 110--112

 []

File: Capitulo3/img/proceso.png Graphic file (type png)
<use Capitulo3/img/proceso.png>
Package pdftex.def Info: Capitulo3/img/proceso.png used on input line 113.
(pdftex.def)             Requested size: 23.0374pt x 9.98788pt.

Underfull \hbox (badness 10000) in paragraph at lines 113--115

 []


Underfull \hbox (badness 10000) in paragraph at lines 117--119

 []

File: Capitulo3/img/proceso.png Graphic file (type png)
<use Capitulo3/img/proceso.png>
Package pdftex.def Info: Capitulo3/img/proceso.png used on input line 120.
(pdftex.def)             Requested size: 23.0374pt x 9.98788pt.

Underfull \hbox (badness 10000) in paragraph at lines 120--122

 []


LaTeX Warning: Hyper reference `cu1_1_ta_d' on page 33 undefined on input line 
126.


Underfull \hbox (badness 10000) in paragraph at lines 125--127

 []

LaTeX Info: Redefining \. on input line 129.
LaTeX Info: Redefining \% on input line 129.
[33])
LaTeX Info: Redefining \. on input line 6.
LaTeX Info: Redefining \% on input line 6.
 [34] (./Capitulo3/casos_de_uso/cu2_registrarse.tex

Package caption Warning: The option `hypcap=true' will be ignored for this
(caption)                particular \caption on input line 10.
See the caption package documentation for explanation.

pdfTeX warning (ext4): destination with the same identifier (name{table.3.10}) 
has been already used, duplicate ignored
<to be read again> 
                   \relax 
l.10 ...ptionof{table}{Caso de uso 2: Registrarse}
                                                   \label{tab:cu2_tab}

LaTeX Warning: Hyper reference `' on page 35 undefined on input line 56.


Underfull \vbox (badness 10000) detected at line 62
 []

LaTeX Info: Redefining \. on input line 62.
LaTeX Info: Redefining \% on input line 62.
[35]
File: Capitulo3/img/actor.png Graphic file (type png)
 <use Capitulo3/img/actor.png>
Package pdftex.def Info: Capitulo3/img/actor.png used on input line 69.
(pdftex.def)             Requested size: 10.33922pt x 20.3773pt.
File: Capitulo3/img/proceso.png Graphic file (type png)
 <use Capitulo3/img/proceso.png>
Package pdftex.def Info: Capitulo3/img/proceso.png used on input line 70.
(pdftex.def)             Requested size: 23.0374pt x 9.98788pt.
File: Capitulo3/img/actor.png Graphic file (type png)

<use Capitulo3/img/actor.png>
Package pdftex.def Info: Capitulo3/img/actor.png used on input line 71.
(pdftex.def)             Requested size: 10.33922pt x 20.3773pt.
File: Capitulo3/img/proceso.png Graphic file (type png)
 <use Capitulo3/img/proceso.png>
Package pdftex.def Info: Capitulo3/img/proceso.png used on input line 72.
(pdftex.def)             Requested size: 23.0374pt x 9.98788pt.
File: Capitulo3/img/actor.png Graphic file (type png)

<use Capitulo3/img/actor.png>
Package pdftex.def Info: Capitulo3/img/actor.png used on input line 73.
(pdftex.def)             Requested size: 10.33922pt x 20.3773pt.
File: Capitulo3/img/actor.png Graphic file (type png)
 <use Capitulo3/img/actor.png>
Package pdftex.def Info: Capitulo3/img/actor.png used on input line 74.
(pdftex.def)             Requested size: 10.33922pt x 20.3773pt.
File: Capitulo3/img/proceso.png Graphic file (type png)

<use Capitulo3/img/proceso.png>
Package pdftex.def Info: Capitulo3/img/proceso.png used on input line 75.
(pdftex.def)             Requested size: 23.0374pt x 9.98788pt.


LaTeX Warning: Hyper reference `rno_01' on page 36 undefined on input line 75.

File: Capitulo3/img/proceso.png Graphic file (type png)
<use Capitulo3/img/proceso.png>
Package pdftex.def Info: Capitulo3/img/proceso.png used on input line 76.
(pdftex.def)             Requested size: 23.0374pt x 9.98788pt.
File: Capitulo3/img/proceso.png Graphic file (type png)
 <use Capitulo3/img/proceso.png>
Package pdftex.def Info: Capitulo3/img/proceso.png used on input line 77.
(pdftex.def)             Requested size: 23.0374pt x 9.98788pt.
File: Capitulo3/img/proceso.png Graphic file (type png)

<use Capitulo3/img/proceso.png>
Package pdftex.def Info: Capitulo3/img/proceso.png used on input line 78.
(pdftex.def)             Requested size: 23.0374pt x 9.98788pt.
File: Capitulo3/img/proceso.png Graphic file (type png)
 <use Capitulo3/img/proceso.png>
Package pdftex.def Info: Capitulo3/img/proceso.png used on input line 79.
(pdftex.def)             Requested size: 23.0374pt x 9.98788pt.
File: Capitulo3/img/proceso.png Graphic file (type png)

<use Capitulo3/img/proceso.png>
Package pdftex.def Info: Capitulo3/img/proceso.png used on input line 80.
(pdftex.def)             Requested size: 23.0374pt x 9.98788pt.
File: Capitulo3/img/proceso.png Graphic file (type png)
 <use Capitulo3/img/proceso.png>
Package pdftex.def Info: Capitulo3/img/proceso.png used on input line 81.
(pdftex.def)             Requested size: 23.0374pt x 9.98788pt.
File: Capitulo3/img/proceso.png Graphic file (type png)

<use Capitulo3/img/proceso.png>
Package pdftex.def Info: Capitulo3/img/proceso.png used on input line 82.
(pdftex.def)             Requested size: 23.0374pt x 9.98788pt.
File: Capitulo3/img/proceso.png Graphic file (type png)
 <use Capitulo3/img/proceso.png>
Package pdftex.def Info: Capitulo3/img/proceso.png used on input line 83.
(pdftex.def)             Requested size: 46.07481pt x 19.97578pt.

Underfull \hbox (badness 10000) in paragraph at lines 83--85

 []

LaTeX Info: Redefining \. on input line 85.
LaTeX Info: Redefining \% on input line 85.
[36]
Underfull \hbox (badness 10000) in paragraph at lines 87--89

 []

File: Capitulo3/img/proceso.png Graphic file (type png)
<use Capitulo3/img/proceso.png>
Package pdftex.def Info: Capitulo3/img/proceso.png used on input line 90.
(pdftex.def)             Requested size: 23.0374pt x 9.98788pt.

Underfull \hbox (badness 10000) in paragraph at lines 91--93

 []


Underfull \hbox (badness 10000) in paragraph at lines 95--97

 []

File: Capitulo3/img/proceso.png Graphic file (type png)
<use Capitulo3/img/proceso.png>
Package pdftex.def Info: Capitulo3/img/proceso.png used on input line 98.
(pdftex.def)             Requested size: 23.0374pt x 9.98788pt.

Underfull \hbox (badness 10000) in paragraph at lines 99--101

 []


Underfull \hbox (badness 10000) in paragraph at lines 103--105

 []

File: Capitulo3/img/proceso.png Graphic file (type png)
<use Capitulo3/img/proceso.png>
Package pdftex.def Info: Capitulo3/img/proceso.png used on input line 106.
(pdftex.def)             Requested size: 23.0374pt x 9.98788pt.

Underfull \hbox (badness 10000) in paragraph at lines 107--109

 []


Underfull \hbox (badness 10000) in paragraph at lines 111--113

 []

File: Capitulo3/img/proceso.png Graphic file (type png)
<use Capitulo3/img/proceso.png>
Package pdftex.def Info: Capitulo3/img/proceso.png used on input line 114.
(pdftex.def)             Requested size: 23.0374pt x 9.98788pt.

Underfull \hbox (badness 10000) in paragraph at lines 115--117

 []


Underfull \hbox (badness 10000) in paragraph at lines 119--121

 []

LaTeX Info: Redefining \. on input line 121.
LaTeX Info: Redefining \% on input line 121.
[37]
File: Capitulo3/img/proceso.png Graphic file (type png)
 <use Capitulo3/img/proceso.png>
Package pdftex.def Info: Capitulo3/img/proceso.png used on input line 122.
(pdftex.def)             Requested size: 23.0374pt x 9.98788pt.

Underfull \hbox (badness 10000) in paragraph at lines 123--125

 []


Underfull \hbox (badness 10000) in paragraph at lines 127--129

 []

File: Capitulo3/img/proceso.png Graphic file (type png)
<use Capitulo3/img/proceso.png>
Package pdftex.def Info: Capitulo3/img/proceso.png used on input line 130.
(pdftex.def)             Requested size: 23.0374pt x 9.98788pt.

Underfull \hbox (badness 10000) in paragraph at lines 131--133

 []


Underfull \hbox (badness 10000) in paragraph at lines 135--137

 []

File: Capitulo3/img/proceso.png Graphic file (type png)
<use Capitulo3/img/proceso.png>
Package pdftex.def Info: Capitulo3/img/proceso.png used on input line 138.
(pdftex.def)             Requested size: 23.0374pt x 9.98788pt.

Underfull \hbox (badness 10000) in paragraph at lines 139--141

 []


Underfull \hbox (badness 10000) in paragraph at lines 143--145

 []

File: Capitulo3/img/proceso.png Graphic file (type png)
<use Capitulo3/img/proceso.png>
Package pdftex.def Info: Capitulo3/img/proceso.png used on input line 146.
(pdftex.def)             Requested size: 23.0374pt x 9.98788pt.

Underfull \hbox (badness 10000) in paragraph at lines 147--149

 []


Underfull \hbox (badness 10000) in paragraph at lines 151--153

 []

File: Capitulo3/img/proceso.png Graphic file (type png)
<use Capitulo3/img/proceso.png>
Package pdftex.def Info: Capitulo3/img/proceso.png used on input line 154.
(pdftex.def)             Requested size: 23.0374pt x 9.98788pt.

Underfull \hbox (badness 10000) in paragraph at lines 154--156

 []

LaTeX Info: Redefining \. on input line 156.
LaTeX Info: Redefining \% on input line 156.
[38]
Underfull \hbox (badness 10000) in paragraph at lines 158--160

 []

File: Capitulo3/img/proceso.png Graphic file (type png)
<use Capitulo3/img/proceso.png>
Package pdftex.def Info: Capitulo3/img/proceso.png used on input line 161.
(pdftex.def)             Requested size: 23.0374pt x 9.98788pt.

Underfull \hbox (badness 10000) in paragraph at lines 161--163

 []


Underfull \hbox (badness 10000) in paragraph at lines 166--168

 []

)
LaTeX Info: Redefining \. on input line 8.
LaTeX Info: Redefining \% on input line 8.
 [39] (./Capitulo3/casos_de_uso/cu2_1_confirmar.tex

Package caption Warning: The option `hypcap=true' will be ignored for this
(caption)                particular \caption on input line 10.
See the caption package documentation for explanation.

pdfTeX warning (ext4): destination with the same identifier (name{table.3.11}) 
has been already used, duplicate ignored
<to be read again> 
                   \relax 
l.10 ...{table}{Caso de uso 2.1: Confirmar cuenta}
                                                   \label{tab:cu2_1_tab}
Underfull \vbox (badness 10000) detected at line 54
 []

File: Capitulo3/img/actor.png Graphic file (type png)
<use Capitulo3/img/actor.png>
Package pdftex.def Info: Capitulo3/img/actor.png used on input line 61.
(pdftex.def)             Requested size: 10.33922pt x 20.3773pt.
LaTeX Info: Redefining \. on input line 62.
LaTeX Info: Redefining \% on input line 62.
 [40]
File: Capitulo3/img/actor.png Graphic file (type png)
 <use Capitulo3/img/actor.png>
Package pdftex.def Info: Capitulo3/img/actor.png used on input line 62.
(pdftex.def)             Requested size: 10.33922pt x 20.3773pt.
File: Capitulo3/img/actor.png Graphic file (type png)

<use Capitulo3/img/actor.png>
Package pdftex.def Info: Capitulo3/img/actor.png used on input line 63.
(pdftex.def)             Requested size: 10.33922pt x 20.3773pt.
File: Capitulo3/img/proceso.png Graphic file (type png)
 <use Capitulo3/img/proceso.png>
Package pdftex.def Info: Capitulo3/img/proceso.png used on input line 64.
(pdftex.def)             Requested size: 23.0374pt x 9.98788pt.


LaTeX Warning: Hyper reference `' on page 41 undefined on input line 64.

File: Capitulo3/img/proceso.png Graphic file (type png)
<use Capitulo3/img/proceso.png>
Package pdftex.def Info: Capitulo3/img/proceso.png used on input line 65.
(pdftex.def)             Requested size: 23.0374pt x 9.98788pt.
File: Capitulo3/img/proceso.png Graphic file (type png)
 <use Capitulo3/img/proceso.png>
Package pdftex.def Info: Capitulo3/img/proceso.png used on input line 66.
(pdftex.def)             Requested size: 23.0374pt x 9.98788pt.
File: Capitulo3/img/proceso.png Graphic file (type png)

<use Capitulo3/img/proceso.png>
Package pdftex.def Info: Capitulo3/img/proceso.png used on input line 67.
(pdftex.def)             Requested size: 23.0374pt x 9.98788pt.
File: Capitulo3/img/actor.png Graphic file (type png)
 <use Capitulo3/img/actor.png>
Package pdftex.def Info: Capitulo3/img/actor.png used on input line 68.
(pdftex.def)             Requested size: 10.33922pt x 20.3773pt.

Underfull \hbox (badness 10000) in paragraph at lines 68--70

 []


Underfull \hbox (badness 10000) in paragraph at lines 72--74

 []

File: Capitulo3/img/proceso.png Graphic file (type png)
<use Capitulo3/img/proceso.png>
Package pdftex.def Info: Capitulo3/img/proceso.png used on input line 75.
(pdftex.def)             Requested size: 23.0374pt x 9.98788pt.

Underfull \hbox (badness 10000) in paragraph at lines 76--78

 []


Underfull \hbox (badness 10000) in paragraph at lines 80--82

 []

File: Capitulo3/img/proceso.png Graphic file (type png)
<use Capitulo3/img/proceso.png>
Package pdftex.def Info: Capitulo3/img/proceso.png used on input line 83.
(pdftex.def)             Requested size: 23.0374pt x 9.98788pt.

Underfull \hbox (badness 10000) in paragraph at lines 84--86

 []


Underfull \hbox (badness 10000) in paragraph at lines 88--90

 []

File: Capitulo3/img/proceso.png Graphic file (type png)
<use Capitulo3/img/proceso.png>
Package pdftex.def Info: Capitulo3/img/proceso.png used on input line 91.
(pdftex.def)             Requested size: 23.0374pt x 9.98788pt.
File: Capitulo3/img/proceso.png Graphic file (type png)
 <use Capitulo3/img/proceso.png>
Package pdftex.def Info: Capitulo3/img/proceso.png used on input line 92.
(pdftex.def)             Requested size: 23.0374pt x 9.98788pt.

Underfull \hbox (badness 10000) in paragraph at lines 93--95

 []

LaTeX Info: Redefining \. on input line 95.
LaTeX Info: Redefining \% on input line 95.
[41])) (./Capitulo3/reglas_de_negocio.tex

Package caption Warning: The option `hypcap=true' will be ignored for this
(caption)                particular \caption on input line 12.
See the caption package documentation for explanation.


Overfull \hbox (48.2594pt too wide) in paragraph at lines 4--12
 [] 
 []


Package caption Warning: The option `hypcap=true' will be ignored for this
(caption)                particular \caption on input line 26.
See the caption package documentation for explanation.


Overfull \hbox (48.2594pt too wide) in paragraph at lines 17--26
 [] 
 []


Underfull \hbox (badness 1210) in paragraph at lines 34--34
[]|\OT1/cmr/m/n/10 RNL 01: S^^S^^Pmbo-los pa-ra
 []


Package caption Warning: The option `hypcap=true' will be ignored for this
(caption)                particular \caption on input line 37.
See the caption package documentation for explanation.


Overfull \hbox (48.2594pt too wide) in paragraph at lines 31--37
 [] 
 []

LaTeX Info: Redefining \. on input line 37.
LaTeX Info: Redefining \% on input line 37.
[42]

Package caption Warning: The option `hypcap=true' will be ignored for this
(caption)                particular \caption on input line 46.
See the caption package documentation for explanation.


Overfull \hbox (48.2594pt too wide) in paragraph at lines 42--46
 [] 
 []


Package caption Warning: The option `hypcap=true' will be ignored for this
(caption)                particular \caption on input line 55.
See the caption package documentation for explanation.


Overfull \hbox (48.2594pt too wide) in paragraph at lines 51--55
 [] 
 []


Underfull \hbox (badness 1383) in paragraph at lines 63--63
[]|\OT1/cmr/m/n/10 Los da-tos in-gre-sa-dos ser^^San v^^Sali-da-dos con
 []


Package caption Warning: The option `hypcap=true' will be ignored for this
(caption)                particular \caption on input line 67.
See the caption package documentation for explanation.


Overfull \hbox (48.2594pt too wide) in paragraph at lines 60--67
 [] 
 []


Package caption Warning: The option `hypcap=true' will be ignored for this
(caption)                particular \caption on input line 76.
See the caption package documentation for explanation.


Overfull \hbox (48.2594pt too wide) in paragraph at lines 72--76
 [] 
 []

) (./Capitulo3/mensajes.tex
LaTeX Info: Redefining \. on input line 3.
LaTeX Info: Redefining \% on input line 3.
 [43]
Underfull \hbox (badness 10000) in paragraph at lines 9--9
[]|\OT1/cmr/m/n/10 MSJE 02: Co-rreo
 []


Underfull \hbox (badness 10000) in paragraph at lines 10--10
[]|\OT1/cmr/m/n/10 MSJE 03: Con-tra-se~na
 []


Package caption Warning: The option `hypcap=true' will be ignored for this
(caption)                particular \caption on input line 15.
See the caption package documentation for explanation.


Overfull \hbox (48.2594pt too wide) in paragraph at lines 5--15
 [] 
 []


Underfull \hbox (badness 4913) in paragraph at lines 23--23
[]|\OT1/cmr/m/n/10 MSJA 01: Cam-pos en
 []


Package caption Warning: The option `hypcap=true' will be ignored for this
(caption)                particular \caption on input line 29.
See the caption package documentation for explanation.


Overfull \hbox (48.2594pt too wide) in paragraph at lines 20--29
 [] 
 []


Package caption Warning: The option `hypcap=true' will be ignored for this
(caption)                particular \caption on input line 43.
See the caption package documentation for explanation.


Overfull \hbox (48.2594pt too wide) in paragraph at lines 34--43
 [] 
 []

LaTeX Info: Redefining \. on input line 43.
LaTeX Info: Redefining \% on input line 43.
[44]

Package caption Warning: The option `hypcap=true' will be ignored for this
(caption)                particular \caption on input line 57.
See the caption package documentation for explanation.


Overfull \hbox (48.2594pt too wide) in paragraph at lines 48--57
 [] 
 []

)
LaTeX Info: Redefining \. on input line 55.
LaTeX Info: Redefining \% on input line 55.
 [45]
\openout2 = `Capitulo4/capitulo4.aux'.

 (./Capitulo4/capitulo4.tex
Cap\'{\i }tulo 4.
) [46


] (./principal.bbl
Underfull \hbox (badness 5331) in paragraph at lines 51--54
[]\OT1/cmr/m/n/10 S. John, ``Al-cohol cal-cu-la-tions and their un-cer-tainty,'
' \OT1/cmr/m/it/10 Me-di-ci-ne,
 []


Underfull \hbox (badness 5403) in paragraph at lines 51--54
\OT1/cmr/m/it/10 Scien-ce and the Law\OT1/cmr/m/n/10 , vol. 55, pp. 58 -- 64, J
an 2015, dOI:
 []

[47


])
Package atveryend Info: Empty hook `BeforeClearDocument' on input line 67.
LaTeX Info: Redefining \. on input line 67.
LaTeX Info: Redefining \% on input line 67.
 [48]
Package atveryend Info: Empty hook `AfterLastShipout' on input line 67.
 (./principal.aux (./Portada/portada.aux)
LaTeX Info: Redefining \. on input line 23.
LaTeX Info: Redefining \% on input line 23.
 (./Capitulo1/capitulo1.aux) (./Capitulo2/capitulo2.aux) (./Capitulo3/capitulo3
.aux)
(./Capitulo3/riesgos.aux) (./Capitulo4/capitulo4.aux))
Package atveryend Info: Executing hook `AtVeryEndDocument' on input line 67.
Package atveryend Info: Executing hook `AtEndAfterFileList' on input line 67.
Package rerunfilecheck Info: File `principal.out' has not changed.
(rerunfilecheck)             Checksum: 11CD8AECD9E35A53251223F438F2B0FC;3114.


LaTeX Warning: There were undefined references.


LaTeX Warning: There were multiply-defined labels.

Package atveryend Info: Empty hook `AtVeryVeryEnd' on input line 67.
 ) 
Here is how much of TeX's memory you used:
 15688 strings out of 493013
 253953 string characters out of 6137008
 412775 words of memory out of 5000000
 18557 multiletter control sequences out of 15000+600000
 7822 words of font info for 28 fonts, out of 8000000 for 9000
 1141 hyphenation exceptions out of 8191
 53i,13n,92p,1944b,660s stack positions out of 5000i,500n,10000p,200000b,80000s
<c:/texlive/2016/texmf-dist/fonts/type1/public/amsfonts/cm/cmbx10.pfb><c:/tex
live/2016/texmf-dist/fonts/type1/public/amsfonts/cm/cmbx12.pfb><c:/texlive/2016
/texmf-dist/fonts/type1/public/amsfonts/cm/cmmi10.pfb><c:/texlive/2016/texmf-di
st/fonts/type1/public/amsfonts/cm/cmr10.pfb><c:/texlive/2016/texmf-dist/fonts/t
ype1/public/amsfonts/cm/cmr12.pfb><c:/texlive/2016/texmf-dist/fonts/type1/publi
c/amsfonts/cm/cmr9.pfb><c:/texlive/2016/texmf-dist/fonts/type1/public/amsfonts/
cm/cmsl10.pfb><c:/texlive/2016/texmf-dist/fonts/type1/public/amsfonts/cm/cmsy10
.pfb><c:/texlive/2016/texmf-dist/fonts/type1/public/amsfonts/cm/cmti10.pfb>
Output written on principal.pdf (49 pages, 1528275 bytes).
PDF statistics:
 886 PDF objects out of 1000 (max. 8388607)
 803 compressed objects within 9 object streams
 305 named destinations out of 1000 (max. 500000)
 401 words of extra memory for PDF output out of 10000 (max. 10000000)

